<?xml version="1.0" encoding="UTF-8"?>
<!-- Generated by org.testng.reporters.JUnitXMLReporter -->
<testsuite hostname="BRL0068" name="Default test" tests="3" failures="0" timestamp="24 Mar 2015 04:37:03 GMT" time="163.223" errors="0">
  <testcase name="loginTest" time="41.591" classname="scripts.Initialisation"/>
  <testcase name="allCategories" time="25.821" classname="scripts.Initialisation"/>
  <testcase name="personalInformationDetils" time="41.024" classname="scripts.Initialisation"/>
</testsuite> <!-- Default test -->
